# JRE version: OpenJDK Runtime Environment Temurin-11.0.15+10 (11.0.15+10) (build 11.0.15+10)
# Java VM: OpenJDK 64-Bit Server VM Temurin-11.0.15+10 (11.0.15+10, mixed mode, tiered, compressed oops, g1 gc, windows-amd64)
Heap:
 garbage-first heap   total 274432K, used 205559K [0x00000000e0000000, 0x0000000100000000)
  region size 1024K, 3 young (3072K), 1 survivors (1024K)
 Metaspace       used 102749K, capacity 106418K, committed 106620K, reserved 348160K
  class space    used 12678K, capacity 13950K, committed 14028K, reserved 253952K
GC Heap History (20 events):
Event: 3976.807 GC heap before
{Heap before GC invocations=57 (full 0):
 garbage-first heap   total 274432K, used 233838K [0x00000000e0000000, 0x0000000100000000)
  region size 1024K, 45 young (46080K), 5 survivors (5120K)
 Metaspace       used 98861K, capacity 102222K, committed 102524K, reserved 344064K
  class space    used 12257K, capacity 13460K, committed 13516K, reserved 253952K
}
Event: 3976.811 GC heap after
{Heap after GC invocations=58 (full 0):
 garbage-first heap   total 274432K, used 193317K [0x00000000e0000000, 0x0000000100000000)
  region size 1024K, 1 young (1024K), 1 survivors (1024K)
 Metaspace       used 98861K, capacity 102222K, committed 102524K, reserved 344064K
  class space    used 12257K, capacity 13460K, committed 13516K, reserved 253952K
}
Event: 3976.842 GC heap before
{Heap before GC invocations=58 (full 0):
 garbage-first heap   total 274432K, used 205605K [0x00000000e0000000, 0x0000000100000000)
  region size 1024K, 13 young (13312K), 1 survivors (1024K)
 Metaspace       used 98861K, capacity 102222K, committed 102524K, reserved 344064K
  class space    used 12257K, capacity 13460K, committed 13516K, reserved 253952K
}
Event: 3976.848 GC heap after
{Heap after GC invocations=59 (full 0):
 garbage-first heap   total 274432K, used 190337K [0x00000000e0000000, 0x0000000100000000)
  region size 1024K, 1 young (1024K), 1 survivors (1024K)
 Metaspace       used 98861K, capacity 102222K, committed 102524K, reserved 344064K
  class space    used 12257K, capacity 13460K, committed 13516K, reserved 253952K
}
Event: 4029.010 GC heap before
{Heap before GC invocations=59 (full 0):
 garbage-first heap   total 274432K, used 235393K [0x00000000e0000000, 0x0000000100000000)
  region size 1024K, 45 young (46080K), 1 survivors (1024K)
 Metaspace       used 99153K, capacity 102676K, committed 102908K, reserved 344064K
  class space    used 12302K, capacity 13532K, committed 13644K, reserved 253952K
}
Event: 4029.014 GC heap after
{Heap after GC invocations=60 (full 0):
 garbage-first heap   total 274432K, used 191010K [0x00000000e0000000, 0x0000000100000000)
  region size 1024K, 2 young (2048K), 2 survivors (2048K)
 Metaspace       used 99153K, capacity 102676K, committed 102908K, reserved 344064K
  class space    used 12302K, capacity 13532K, committed 13644K, reserved 253952K
}
Event: 4029.309 GC heap before
{Heap before GC invocations=61 (full 0):
 garbage-first heap   total 274432K, used 235042K [0x00000000e0000000, 0x0000000100000000)
  region size 1024K, 46 young (47104K), 2 survivors (2048K)
 Metaspace       used 101118K, capacity 104768K, committed 104956K, reserved 346112K
  class space    used 12528K, capacity 13784K, committed 13900K, reserved 253952K
}
Event: 4029.313 GC heap after
{Heap after GC invocations=62 (full 0):
 garbage-first heap   total 274432K, used 193709K [0x00000000e0000000, 0x0000000100000000)
  region size 1024K, 5 young (5120K), 5 survivors (5120K)
 Metaspace       used 101118K, capacity 104768K, committed 104956K, reserved 346112K
  class space    used 12528K, capacity 13784K, committed 13900K, reserved 253952K
}
Event: 4029.328 GC heap before
{Heap before GC invocations=62 (full 0):
 garbage-first heap   total 274432K, used 201901K [0x00000000e0000000, 0x0000000100000000)
  region size 1024K, 13 young (13312K), 5 survivors (5120K)
 Metaspace       used 101274K, capacity 104928K, committed 105212K, reserved 346112K
  class space    used 12548K, capacity 13816K, committed 13900K, reserved 253952K
}
Event: 4029.336 GC heap after
{Heap after GC invocations=63 (full 0):
 garbage-first heap   total 274432K, used 189965K [0x00000000e0000000, 0x0000000100000000)
  region size 1024K, 1 young (1024K), 1 survivors (1024K)
 Metaspace       used 101274K, capacity 104928K, committed 105212K, reserved 346112K
  class space    used 12548K, capacity 13816K, committed 13900K, reserved 253952K
}
Event: 4029.488 GC heap before
{Heap before GC invocations=63 (full 0):
 garbage-first heap   total 274432K, used 235021K [0x00000000e0000000, 0x0000000100000000)
  region size 1024K, 46 young (47104K), 1 survivors (1024K)
 Metaspace       used 102333K, capacity 106076K, committed 106364K, reserved 348160K
  class space    used 12672K, capacity 13933K, committed 14028K, reserved 253952K
}
Event: 4029.494 GC heap after
{Heap after GC invocations=64 (full 0):
 garbage-first heap   total 274432K, used 192404K [0x00000000e0000000, 0x0000000100000000)
  region size 1024K, 4 young (4096K), 4 survivors (4096K)
 Metaspace       used 102333K, capacity 106076K, committed 106364K, reserved 348160K
  class space    used 12672K, capacity 13933K, committed 14028K, reserved 253952K
}
Event: 4080.288 GC heap before
{Heap before GC invocations=65 (full 0):
 garbage-first heap   total 274432K, used 236436K [0x00000000e0000000, 0x0000000100000000)
  region size 1024K, 48 young (49152K), 4 survivors (4096K)
 Metaspace       used 102481K, capacity 106220K, committed 106364K, reserved 348160K
  class space    used 12670K, capacity 13935K, committed 14028K, reserved 253952K
}
Event: 4080.293 GC heap after
{Heap after GC invocations=66 (full 0):
 garbage-first heap   total 274432K, used 199866K [0x00000000e0000000, 0x0000000100000000)
  region size 1024K, 6 young (6144K), 6 survivors (6144K)
 Metaspace       used 102481K, capacity 106220K, committed 106364K, reserved 348160K
  class space    used 12670K, capacity 13935K, committed 14028K, reserved 253952K
}
Event: 4080.507 GC heap before
{Heap before GC invocations=66 (full 0):
 garbage-first heap   total 274432K, used 234682K [0x00000000e0000000, 0x0000000100000000)
  region size 1024K, 40 young (40960K), 6 survivors (6144K)
 Metaspace       used 102572K, capacity 106287K, committed 106620K, reserved 348160K
  class space    used 12670K, capacity 13935K, committed 14028K, reserved 253952K
}
Event: 4080.517 GC heap after
{Heap after GC invocations=67 (full 0):
 garbage-first heap   total 274432K, used 206634K [0x00000000e0000000, 0x0000000100000000)
  region size 1024K, 5 young (5120K), 5 survivors (5120K)
 Metaspace       used 102572K, capacity 106287K, committed 106620K, reserved 348160K
  class space    used 12670K, capacity 13935K, committed 14028K, reserved 253952K
}
Event: 4304.760 GC heap before
{Heap before GC invocations=68 (full 0):
 garbage-first heap   total 274432K, used 234282K [0x00000000e0000000, 0x0000000100000000)
  region size 1024K, 33 young (33792K), 5 survivors (5120K)
 Metaspace       used 102703K, capacity 106412K, committed 106620K, reserved 348160K
  class space    used 12677K, capacity 13949K, committed 14028K, reserved 253952K
}
Event: 4304.766 GC heap after
{Heap after GC invocations=69 (full 0):
 garbage-first heap   total 274432K, used 208572K [0x00000000e0000000, 0x0000000100000000)
  region size 1024K, 3 young (3072K), 3 survivors (3072K)
 Metaspace       used 102703K, capacity 106412K, committed 106620K, reserved 348160K
  class space    used 12677K, capacity 13949K, committed 14028K, reserved 253952K
}
Event: 4307.524 GC heap before
{Heap before GC invocations=69 (full 0):
 garbage-first heap   total 274432K, used 218812K [0x00000000e0000000, 0x0000000100000000)
  region size 1024K, 13 young (13312K), 3 survivors (3072K)
 Metaspace       used 102739K, capacity 106418K, committed 106620K, reserved 348160K
  class space    used 12678K, capacity 13950K, committed 14028K, reserved 253952K
}
Event: 4307.531 GC heap after
{Heap after GC invocations=70 (full 0):
 garbage-first heap   total 274432K, used 204535K [0x00000000e0000000, 0x0000000100000000)
  region size 1024K, 1 young (1024K), 1 survivors (1024K)
 Metaspace       used 102739K, capacity 106418K, committed 106620K, reserved 348160K
  class space    used 12678K, capacity 13950K, committed 14028K, reserved 253952K
}

