# JRE version: OpenJDK Runtime Environment Temurin-11.0.15+10 (11.0.15+10) (build 11.0.15+10)
# Java VM: OpenJDK 64-Bit Server VM Temurin-11.0.15+10 (11.0.15+10, mixed mode, tiered, compressed oops, g1 gc, windows-amd64)
Heap:
 garbage-first heap   total 258048K, used 46063K [0x00000000e0000000, 0x0000000100000000)
  region size 1024K, 34 young (34816K), 7 survivors (7168K)
 Metaspace       used 32896K, capacity 34003K, committed 34352K, reserved 1079296K
  class space    used 3907K, capacity 4366K, committed 4480K, reserved 1048576K
GC Heap History (8 events):
Event: 0.659 GC heap before
{Heap before GC invocations=0 (full 0):
 garbage-first heap   total 258048K, used 23552K [0x00000000e0000000, 0x0000000100000000)
  region size 1024K, 24 young (24576K), 0 survivors (0K)
 Metaspace       used 13185K, capacity 13439K, committed 13568K, reserved 1060864K
  class space    used 1374K, capacity 1447K, committed 1536K, reserved 1048576K
}
Event: 0.662 GC heap after
{Heap after GC invocations=1 (full 0):
 garbage-first heap   total 258048K, used 7000K [0x00000000e0000000, 0x0000000100000000)
  region size 1024K, 3 young (3072K), 3 survivors (3072K)
 Metaspace       used 13185K, capacity 13439K, committed 13568K, reserved 1060864K
  class space    used 1374K, capacity 1447K, committed 1536K, reserved 1048576K
}
Event: 0.938 GC heap before
{Heap before GC invocations=1 (full 0):
 garbage-first heap   total 258048K, used 29528K [0x00000000e0000000, 0x0000000100000000)
  region size 1024K, 25 young (25600K), 3 survivors (3072K)
 Metaspace       used 18854K, capacity 19619K, committed 19840K, reserved 1067008K
  class space    used 2108K, capacity 2393K, committed 2432K, reserved 1048576K
}
Event: 0.941 GC heap after
{Heap after GC invocations=2 (full 0):
 garbage-first heap   total 258048K, used 8952K [0x00000000e0000000, 0x0000000100000000)
  region size 1024K, 2 young (2048K), 2 survivors (2048K)
 Metaspace       used 18854K, capacity 19619K, committed 19840K, reserved 1067008K
  class space    used 2108K, capacity 2393K, committed 2432K, reserved 1048576K
}
Event: 1.019 GC heap before
{Heap before GC invocations=2 (full 0):
 garbage-first heap   total 258048K, used 19192K [0x00000000e0000000, 0x0000000100000000)
  region size 1024K, 13 young (13312K), 2 survivors (2048K)
 Metaspace       used 20370K, capacity 21134K, committed 21296K, reserved 1069056K
  class space    used 2293K, capacity 2599K, committed 2688K, reserved 1048576K
}
Event: 1.022 GC heap after
{Heap after GC invocations=3 (full 0):
 garbage-first heap   total 258048K, used 10018K [0x00000000e0000000, 0x0000000100000000)
  region size 1024K, 3 young (3072K), 3 survivors (3072K)
 Metaspace       used 20370K, capacity 21134K, committed 21296K, reserved 1069056K
  class space    used 2293K, capacity 2599K, committed 2688K, reserved 1048576K
}
Event: 1.557 GC heap before
{Heap before GC invocations=4 (full 0):
 garbage-first heap   total 258048K, used 73506K [0x00000000e0000000, 0x0000000100000000)
  region size 1024K, 65 young (66560K), 3 survivors (3072K)
 Metaspace       used 29044K, capacity 30091K, committed 30128K, reserved 1075200K
  class space    used 3396K, capacity 3830K, committed 3840K, reserved 1048576K
}
Event: 1.562 GC heap after
{Heap after GC invocations=5 (full 0):
 garbage-first heap   total 258048K, used 14319K [0x00000000e0000000, 0x0000000100000000)
  region size 1024K, 7 young (7168K), 7 survivors (7168K)
 Metaspace       used 29044K, capacity 30091K, committed 30128K, reserved 1075200K
  class space    used 3396K, capacity 3830K, committed 3840K, reserved 1048576K
}

